None
Opening raw data file processed_data/EEG_S01_R02/ica_denoised-raw.fif...
Isotrak not found
    Range : 0 ... 246079 =      0.000 ...   246.079 secs
Ready.
Opening raw data file processed_data/EEG_S01_R03/ica_denoised-raw.fif...
Isotrak not found
    Range : 0 ... 226599 =      0.000 ...   226.599 secs
Ready.
Opening raw data file processed_data/EEG_S01_R04/ica_denoised-raw.fif...
Isotrak not found
    Range : 0 ... 230359 =      0.000 ...   230.359 secs
Ready.
Opening raw data file processed_data/EEG_S01_R05/ica_denoised-raw.fif...
Isotrak not found
    Range : 0 ... 231879 =      0.000 ...   231.879 secs
Ready.
Opening raw data file processed_data/EEG_S01_R06/ica_denoised-raw.fif...
Isotrak not found
    Range : 0 ... 226639 =      0.000 ...   226.639 secs
Ready.
Opening raw data file processed_data/EEG_S01_R07/ica_denoised-raw.fif...
Isotrak not found
    Range : 0 ... 232519 =      0.000 ...   232.519 secs
Ready.
Opening raw data file processed_data/EEG_S01_R08/ica_denoised-raw.fif...
Isotrak not found
    Range : 0 ... 238799 =      0.000 ...   238.799 secs
Ready.
Opening raw data file processed_data/EEG_S01_R09/ica_denoised-raw.fif...
Isotrak not found
    Range : 0 ... 241599 =      0.000 ...   241.599 secs
Ready.
Opening raw data file processed_data/EEG_S01_R10/ica_denoised-raw.fif...
Isotrak not found
    Range : 0 ... 233239 =      0.000 ...   233.239 secs
Ready.
Used Annotations descriptions: ['1', '2', '3']
--------------------------------------------------------------------------------
('Delta', 0, 4)
13093 matching events found
Applying baseline correction (mode: mean)
Not setting metadata
0 projection items activated
Loading data for 3724 events and 1401 original time points ...
0 bad epochs dropped
Setting up low-pass filter at 4 Hz

FIR filter parameters
---------------------
Designing a one-pass, zero-phase, non-causal lowpass filter:
- Windowed time-domain design (firwin) method
- Hamming window with 0.0194 passband ripple and 53 dB stopband attenuation
- Upper passband edge: 4.00 Hz
- Upper transition bandwidth: 2.00 Hz (-6 dB cutoff frequency: 5.00 Hz)
- Filter length: 165 samples (1.650 sec)

(3724, 64, 141) (3724,)
(3724,) (3724, 141)
Computing data rank from raw with rank='full'
    EEG: rank 64 from info
Reducing data rank from 64 -> 64
Estimating covariance using DIAGONAL_FIXED
    EEG regularization : 0.1
Done.
Computing data rank from raw with rank='full'
    EEG: rank 64 from info
Reducing data rank from 64 -> 64
Estimating covariance using DIAGONAL_FIXED
    EEG regularization : 0.1
Done.
Computing data rank from raw with rank='full'
    EEG: rank 64 from info
Reducing data rank from 64 -> 64
Estimating covariance using DIAGONAL_FIXED
    EEG regularization : 0.1
Done.
Transforming to Xdawn space
Zeroing out 58 Xdawn components
Inverse transforming to sensor space
Transforming to Xdawn space
Zeroing out 58 Xdawn components
Inverse transforming to sensor space
Transforming to Xdawn space
Zeroing out 58 Xdawn components
Inverse transforming to sensor space
Transforming to Xdawn space
Zeroing out 58 Xdawn components
Inverse transforming to sensor space
